Content-Type: text/plain; charset="utf-8"
MIME-Version: 1.0
Content-Transfer-Encoding: 8bit
Subject: Password reset on 127.0.0.1:8000
From: webmaster@localhost
To: test@test.com
Date: Thu, 16 Jun 2022 06:24:43 -0000
Message-ID: <165536068383.35597.15978753241801206579@www.vostro.org>


You're receiving this email because you requested a password reset for your user account at 127.0.0.1:8000.

Please go to the following page and choose a new password:

http://127.0.0.1:8000/accounts/reset/Mg/b73lt7-142514660da279f14be9785affe306ac/

Your username, in case you’ve forgotten: Poster

Thanks for using our site!

The 127.0.0.1:8000 team



-------------------------------------------------------------------------------
Content-Type: text/plain; charset="utf-8"
MIME-Version: 1.0
Content-Transfer-Encoding: 8bit
Subject: Password reset on 127.0.0.1:8000
From: webmaster@localhost
To: test@test.com
Date: Thu, 16 Jun 2022 06:24:43 -0000
Message-ID: <165536068383.35597.13874587330702806761@www.vostro.org>


You're receiving this email because you requested a password reset for your user account at 127.0.0.1:8000.

Please go to the following page and choose a new password:

http://127.0.0.1:8000/accounts/reset/Mw/b73lt7-df6cbc78d7f005931f69327177441a03/

Your username, in case you’ve forgotten: Mei_poster

Thanks for using our site!

The 127.0.0.1:8000 team



-------------------------------------------------------------------------------
