[2022/Jun/20 04:06:08] INFO [signals.py:9] Mei_poster login successful
[2022/Jun/20 04:06:11] INFO [signals.py:24] Mei_poster log out successful
[2022/Jun/20 05:28:36] ERROR [signals.py:18] login failed; unknown user
[2022/Jun/20 05:28:43] ERROR [signals.py:18] login failed; unknown user
[2022/Jun/20 05:28:53] INFO [signals.py:9] Poster login successful
[2022/Jun/20 12:00:39] INFO [signals.py:24] Poster log out successful
[2022/Jun/20 12:41:26] INFO [signals.py:9] Mei_poster login successful
[2022/Jun/21 12:30:48] ERROR [signals.py:18] login failed; unknown user
[2022/Jun/21 12:30:55] INFO [signals.py:9] Jo login successful
[2022/Jun/23 01:49:30] INFO [signals.py:24] Jo log out successful
[2022/Jun/23 01:49:40] INFO [signals.py:9] Mei_poster login successful
[2022/Jun/23 05:01:42] ERROR [signals.py:18] login failed; unknown user
[2022/Jun/23 05:01:53] INFO [signals.py:9] Jo login successful
[2022/Jun/23 13:19:50] INFO [signals.py:24] Jo log out successful
[2022/Jun/23 13:19:59] INFO [signals.py:9] Mei_poster login successful
[2022/Jun/23 13:20:24] INFO [signals.py:9] Jo login successful
[2022/Jun/28 22:51:19] INFO [signals.py:9] Geo login successful
[2022/Jun/28 22:51:31] INFO [signals.py:24] Geo log out successful
[2022/Jun/29 03:16:06] INFO [signals.py:9] Geo login successful
[2022/Jun/29 03:16:26] INFO [signals.py:9] Jo login successful
[2022/Jun/29 03:16:37] INFO [signals.py:24] Jo log out successful
[2022/Jun/29 03:19:15] INFO [signals.py:9] Geo login successful
[2022/Jun/29 03:19:21] INFO [signals.py:24] Geo log out successful
[2022/Jun/29 04:58:30] INFO [signals.py:9] Geo login successful
[2022/Jun/29 04:58:37] INFO [signals.py:24] Geo log out successful
[2022/Jun/29 05:02:29] INFO [signals.py:9] Mei_poster login successful
[2022/Jun/29 05:47:42] INFO [signals.py:24] Mei_poster log out successful
[2022/Jun/29 06:19:11] INFO [signals.py:9] Mei_poster login successful
[2022/Jun/29 06:39:55] INFO [signals.py:9] Jo login successful
[2022/Jun/29 06:47:03] INFO [signals.py:24] Jo log out successful
[2022/Jun/29 06:49:53] INFO [signals.py:9] Jo login successful
[2022/Jun/29 06:53:06] INFO [signals.py:24] Jo log out successful
[2022/Jun/29 06:53:19] INFO [signals.py:9] Mei_poster login successful
[2022/Jun/29 06:54:33] INFO [signals.py:9] Jo login successful
[2022/Jun/29 06:55:02] INFO [signals.py:24] Jo log out successful
[2022/Jun/29 08:48:20] INFO [signals.py:9] Jo login successful
[2022/Jun/29 08:48:36] INFO [signals.py:24] Jo log out successful
[2022/Jun/29 08:56:41] INFO [signals.py:9] Jo login successful
[2022/Jun/29 08:56:56] INFO [signals.py:24] Jo log out successful
[2022/Jun/29 09:00:52] INFO [signals.py:9] Jo login successful
[2022/Jun/29 10:00:39] INFO [signals.py:24] Jo log out successful
[2022/Jun/29 10:19:49] INFO [signals.py:9] Jo login successful
[2022/Jun/29 22:18:22] INFO [signals.py:24] Jo log out successful
[2022/Jun/29 23:02:31] INFO [signals.py:9] Jo login successful
[2022/Jun/29 23:04:09] INFO [signals.py:24] Jo log out successful
[2022/Jun/29 23:10:27] INFO [signals.py:9] Mei_poster login successful
[2022/Jun/30 01:48:58] INFO [signals.py:24] Mei_poster log out successful
[2022/Jun/30 01:56:17] INFO [signals.py:9] Mei_poster login successful
[2022/Jun/30 02:19:38] INFO [signals.py:9] Jo login successful
[2022/Jun/30 02:36:58] INFO [signals.py:24] Jo log out successful
[2022/Jun/30 02:37:04] INFO [signals.py:9] Mei_poster login successful
[2022/Jun/30 03:21:09] INFO [signals.py:9] Jo login successful
[2022/Jun/30 03:27:35] INFO [signals.py:24] Jo log out successful
[2022/Jun/30 03:27:42] INFO [signals.py:9] Mei_poster login successful
[2022/Jun/30 04:10:35] INFO [signals.py:24] Mei_poster log out successful
[2022/Jun/30 06:46:34] INFO [signals.py:9] Mei_poster login successful
[2022/Jun/30 07:16:10] INFO [signals.py:9] Jo login successful
[2022/Jun/30 07:16:17] INFO [signals.py:24] Jo log out successful
[2022/Jul/02 09:12:35] INFO [signals.py:9] testtoday login successful
[2022/Jul/02 09:13:22] INFO [signals.py:9] Jo login successful
[2022/Jul/02 09:14:09] INFO [signals.py:24] Jo log out successful
